Using pre-set license
Built from '2021.1/china_unity/release' branch; Version is '2021.1.1f1c1 (161c7d07c8e4) revision 1449085'; Using compiler version '192528614'; Build Type 'Release'
OS: 'Windows 10 Education; OS build 19042.985; Version 2009; 64bit' Language: 'zh' Physical Memory: 32705 MB
BatchMode: 1, IsHumanControllingUs: 0, StartBugReporterOnCrash: 0, Is64bit: 1, IsPro: 0

 COMMAND LINE ARGUMENTS:
C:\Application\Unity Editor\2021.1.1f1c1\Editor\Unity.exe
-adb2
-batchMode
-noUpm
-name
AssetImportWorker0
-projectPath
E:/WorkSpace/GameFramework/GF_ILRuntime
-logFile
Logs/AssetImportWorker0.log
-srvPort
65172
Successfully changed project path to: E:/WorkSpace/GameFramework/GF_ILRuntime
E:/WorkSpace/GameFramework/GF_ILRuntime
Using Asset Import Pipeline V2.
Refreshing native plugins compatible for Editor in 33.55 ms, found 0 plugins.
Preloading 0 native plugins for Editor in 0.00 ms.
Initialize engine version: 2021.1.1f1c1 (161c7d07c8e4)
[Subsystems] Discovering subsystems at path C:/Application/Unity Editor/2021.1.1f1c1/Editor/Data/Resources/UnitySubsystems
[Subsystems] Discovering subsystems at path E:/WorkSpace/GameFramework/GF_ILRuntime/Assets
GfxDevice: creating device client; threaded=0; jobified=0
Direct3D:
    Version:  Direct3D 11.0 [level 11.1]
    Renderer: NVIDIA GeForce GTX 1080 (ID=0x1b80)
    Vendor:   NVIDIA
    VRAM:     8079 MB
    Driver:   27.21.14.5671
Initialize mono
Mono path[0] = 'C:/Application/Unity Editor/2021.1.1f1c1/Editor/Data/Managed'
Mono path[1] = 'C:/Application/Unity Editor/2021.1.1f1c1/Editor/Data/MonoBleedingEdge/lib/mono/unityjit'
Mono config path = 'C:/Application/Unity Editor/2021.1.1f1c1/Editor/Data/MonoBleedingEdge/etc'
Using monoOptions --debugger-agent=transport=dt_socket,embedding=1,server=y,suspend=n,address=127.0.0.1:56828
Begin MonoManager ReloadAssembly
Registering precompiled unity dll's ...
Register platform support module: C:/Application/Unity Editor/2021.1.1f1c1/Editor/Data/PlaybackEngines/WindowsStandaloneSupport/UnityEditor.WindowsStandalone.Extensions.dll
Registered in 0.001860 seconds.
Native extension for WindowsStandalone target not found
Refreshing native plugins compatible for Editor in 34.58 ms, found 0 plugins.
Preloading 0 native plugins for Editor in 0.00 ms.
Mono: successfully reloaded assembly
- Completed reload, in  1.009 seconds
Platform modules already initialized, skipping
Registering precompiled user dll's ...
Registered in 0.003849 seconds.
Begin MonoManager ReloadAssembly
Native extension for WindowsStandalone target not found
Refreshing native plugins compatible for Editor in 0.34 ms, found 0 plugins.
Preloading 0 native plugins for Editor in 0.00 ms.
Mono: successfully reloaded assembly
- Completed reload, in  0.910 seconds
Platform modules already initialized, skipping
========================================================================
Worker process is ready to serve import requests
Launched and connected shader compiler UnityShaderCompiler.exe after 0.06 seconds
Refreshing native plugins compatible for Editor in 0.31 ms, found 0 plugins.
Preloading 0 native plugins for Editor in 0.00 ms.
Unloading 1778 Unused Serialized files (Serialized files now loaded: 0)
System memory in use before: 82.0 MB.
System memory in use after: 82.1 MB.

Unloading 20 unused Assets to reduce memory usage. Loaded Objects now: 2235.
Total: 2.208700 ms (FindLiveObjects: 0.154200 ms CreateObjectMapping: 0.062200 ms MarkObjects: 1.894100 ms  DeleteObjects: 0.097500 ms)

========================================================================
Received Import Request.
  path: Assets/GameMain
  artifactKey: Guid(db45535d062257049927cea5e857962f) Importer(815301076,1909f56bfc062723c751e8b465ee728b)
Start importing Assets/GameMain using Guid(db45535d062257049927cea5e857962f) Importer(815301076,1909f56bfc062723c751e8b465ee728b)  -> (artifact id: '0ed64b228bc60b82638bd547c2d474f2') in 0.004343 seconds 
========================================================================
Received Import Request.
  Time since last request: 20.311072 seconds.
  path: Assets/GameMain/Scripts/Runtime/ILRuntime/HotfixComponent.cs
  artifactKey: Guid(e0a27f0cfe9d5bd47b4014c81478ec1a) Importer(815301076,1909f56bfc062723c751e8b465ee728b)
Start importing Assets/GameMain/Scripts/Runtime/ILRuntime/HotfixComponent.cs using Guid(e0a27f0cfe9d5bd47b4014c81478ec1a) Importer(815301076,1909f56bfc062723c751e8b465ee728b)  -> (artifact id: '1183eb6b231e57dd4d6a8246a437de61') in 0.035522 seconds 
========================================================================
Received Prepare
Registering precompiled user dll's ...
Registered in 0.003584 seconds.
Begin MonoManager ReloadAssembly
Native extension for WindowsStandalone target not found
Refreshing native plugins compatible for Editor in 0.42 ms, found 0 plugins.
Preloading 0 native plugins for Editor in 0.00 ms.
Mono: successfully reloaded assembly
- Completed reload, in  0.889 seconds
Platform modules already initialized, skipping
Refreshing native plugins compatible for Editor in 0.53 ms, found 0 plugins.
Preloading 0 native plugins for Editor in 0.00 ms.
Unloading 1759 Unused Serialized files (Serialized files now loaded: 0)
System memory in use before: 80.5 MB.
System memory in use after: 80.6 MB.

Unloading 16 unused Assets to reduce memory usage. Loaded Objects now: 2238.
Total: 1.867200 ms (FindLiveObjects: 0.174700 ms CreateObjectMapping: 0.060300 ms MarkObjects: 1.587300 ms  DeleteObjects: 0.043800 ms)

========================================================================
Received Import Request.
  Time since last request: 269.680682 seconds.
  path: Assets/GameMain/Scripts/Runtime/ILRuntime/HotfixComponent.cs
  artifactKey: Guid(e0a27f0cfe9d5bd47b4014c81478ec1a) Importer(815301076,1909f56bfc062723c751e8b465ee728b)
Start importing Assets/GameMain/Scripts/Runtime/ILRuntime/HotfixComponent.cs using Guid(e0a27f0cfe9d5bd47b4014c81478ec1a) Importer(815301076,1909f56bfc062723c751e8b465ee728b)  -> (artifact id: '21428ac2cdb766d41f507e60bf9573cb') in 0.005659 seconds 
========================================================================
Received Import Request.
  Time since last request: 13.178637 seconds.
  path: Assets/GameMain/Scripts/Editor/Inspector/HitfixProjectAssets.cs
  artifactKey: Guid(f167fb0ab0a54a34ab5e1dfd4e5ce35b) Importer(815301076,1909f56bfc062723c751e8b465ee728b)
Start importing Assets/GameMain/Scripts/Editor/Inspector/HitfixProjectAssets.cs using Guid(f167fb0ab0a54a34ab5e1dfd4e5ce35b) Importer(815301076,1909f56bfc062723c751e8b465ee728b)  -> (artifact id: 'b384ca52b52deff79529df1e5607ffd4') in 0.002927 seconds 
========================================================================
Received Prepare
Registering precompiled user dll's ...
Registered in 0.003277 seconds.
Begin MonoManager ReloadAssembly
Native extension for WindowsStandalone target not found
Refreshing native plugins compatible for Editor in 0.37 ms, found 0 plugins.
Preloading 0 native plugins for Editor in 0.00 ms.
Mono: successfully reloaded assembly
- Completed reload, in  0.982 seconds
Platform modules already initialized, skipping
Refreshing native plugins compatible for Editor in 0.32 ms, found 0 plugins.
Preloading 0 native plugins for Editor in 0.00 ms.
Unloading 1759 Unused Serialized files (Serialized files now loaded: 0)
System memory in use before: 80.5 MB.
System memory in use after: 80.6 MB.

Unloading 16 unused Assets to reduce memory usage. Loaded Objects now: 2241.
Total: 2.054200 ms (FindLiveObjects: 0.266300 ms CreateObjectMapping: 0.061800 ms MarkObjects: 1.704100 ms  DeleteObjects: 0.020800 ms)

========================================================================
Received Import Request.
  Time since last request: 119.803786 seconds.
  path: Assets/GameMain/Scripts/Editor/Inspector/HitfixProjectAssets.cs
  artifactKey: Guid(f167fb0ab0a54a34ab5e1dfd4e5ce35b) Importer(815301076,1909f56bfc062723c751e8b465ee728b)
Start importing Assets/GameMain/Scripts/Editor/Inspector/HitfixProjectAssets.cs using Guid(f167fb0ab0a54a34ab5e1dfd4e5ce35b) Importer(815301076,1909f56bfc062723c751e8b465ee728b)  -> (artifact id: '8f9e52de5188bc336504808d96c2cf1f') in 0.004537 seconds 
========================================================================
Received Import Request.
  Time since last request: 358.833438 seconds.
  path: Assets/GameMain/Scripts/Runtime/UI
  artifactKey: Guid(5aa568bd1f2753a46afdf823c50eb582) Importer(815301076,1909f56bfc062723c751e8b465ee728b)
Start importing Assets/GameMain/Scripts/Runtime/UI using Guid(5aa568bd1f2753a46afdf823c50eb582) Importer(815301076,1909f56bfc062723c751e8b465ee728b)  -> (artifact id: '35e067c636580dacacc549d91838dc27') in 0.016764 seconds 
========================================================================
Received Import Request.
  Time since last request: 6.135212 seconds.
  path: Assets/GameMain/Scripts/Runtime/UI/Base/HotUIForm.cs
  artifactKey: Guid(0a41ad607b6b95045961b928f641a898) Importer(815301076,1909f56bfc062723c751e8b465ee728b)
Start importing Assets/GameMain/Scripts/Runtime/UI/Base/HotUIForm.cs using Guid(0a41ad607b6b95045961b928f641a898) Importer(815301076,1909f56bfc062723c751e8b465ee728b)  -> (artifact id: 'f7b3f14d735e8f6fb9738b59667ed36a') in 0.025862 seconds 
AssetImportWorkerClient::OnTransportError - code=2 error=End of file
